<?xml version="1.0" encoding="UTF-8"?>
<!-- Generated by org.testng.reporters.JUnitXMLReporter -->
<testsuite ignored="0" hostname="LAPTOP-FA9HH6OV" failures="0" tests="4" name="Default test" time="5.876" errors="0" timestamp="2021-08-30T15:40:43 IDT">
  <testcase classname="TestsSau.LoginTest" name="l1_loginFailed" time="0.369"/>
  <testcase classname="TestsSau.LoginTest" name="l1_loginFailed" time="0.22"/>
  <testcase classname="TestsSau.LoginTest" name="l1_loginFailed" time="0.217"/>
  <testcase classname="TestsSau.LoginTest" name="l1_loginFailed" time="0.205"/>
</testsuite> <!-- Default test -->
