<?xml version="1.0" encoding="UTF-8"?>
<!-- Generated by org.testng.reporters.JUnitXMLReporter -->
<testsuite ignored="0" hostname="LAPTOP-FA9HH6OV" failures="5" tests="5" name="Test" time="18.371" errors="0" timestamp="2021-08-30T15:55:54 IDT">
  <testcase classname="TestsSau.TestBase" name="LoginError" time="0.007">
    <failure type="java.lang.Error" message="Unresolved compilation problems: 
	LoginPage cannot be resolved to a type
	LoginPage cannot be resolved to a type
	ProductsPage cannot be resolved to a type
	ProductsPage cannot be resolved to a type
	ProductPage cannot be resolved to a type
	ProductPage cannot be resolved to a type
	ProductsPage cannot be resolved to a type
	YourCart cannot be resolved to a type
	YourCart cannot be resolved to a type
">
      <![CDATA[java.lang.Error: Unresolved compilation problems: 
LoginPage cannot be resolved to a type
LoginPage cannot be resolved to a type
ProductsPage cannot be resolved to a type
ProductsPage cannot be resolved to a type
ProductPage cannot be resolved to a type
ProductPage cannot be resolved to a type
ProductsPage cannot be resolved to a type
YourCart cannot be resolved to a type
YourCart cannot be resolved to a type

at TestsSau.TestBase.LoginError(TestBase.java:16)
at java.base/java.util.ArrayList.forEach(ArrayList.java:1511)
... Removed 27 stack frames]]>
    </failure>
  </testcase> <!-- LoginError -->
  <testcase classname="TestsSau.LoginTest" name="l1_loginFailed" time="0.002">
    <failure type="java.lang.Error" message="Unresolved compilation problems: 
	LoginPage cannot be resolved to a type
	LoginPage cannot be resolved to a type
">
      <![CDATA[java.lang.Error: Unresolved compilation problems: 
LoginPage cannot be resolved to a type
LoginPage cannot be resolved to a type

at TestsSau.LoginTest.l1_loginFailed(LoginTest.java:15)
at java.base/java.util.ArrayList.forEach(ArrayList.java:1511)
... Removed 27 stack frames]]>
    </failure>
  </testcase> <!-- l1_loginFailed -->
  <testcase classname="TestsSau.LoginTest" name="l1_loginFailed" time="0.003">
    <failure type="java.lang.Error" message="Unresolved compilation problems: 
	LoginPage cannot be resolved to a type
	LoginPage cannot be resolved to a type
">
      <![CDATA[java.lang.Error: Unresolved compilation problems: 
LoginPage cannot be resolved to a type
LoginPage cannot be resolved to a type

at TestsSau.LoginTest.l1_loginFailed(LoginTest.java:15)
at java.base/java.util.ArrayList.forEach(ArrayList.java:1511)
... Removed 27 stack frames]]>
    </failure>
  </testcase> <!-- l1_loginFailed -->
  <testcase classname="TestsSau.LoginTest" name="l1_loginFailed" time="0.001">
    <failure type="java.lang.Error" message="Unresolved compilation problems: 
	LoginPage cannot be resolved to a type
	LoginPage cannot be resolved to a type
">
      <![CDATA[java.lang.Error: Unresolved compilation problems: 
LoginPage cannot be resolved to a type
LoginPage cannot be resolved to a type

at TestsSau.LoginTest.l1_loginFailed(LoginTest.java:15)
at java.base/java.util.ArrayList.forEach(ArrayList.java:1511)
... Removed 27 stack frames]]>
    </failure>
  </testcase> <!-- l1_loginFailed -->
  <testcase classname="TestsSau.LoginTest" name="l1_loginFailed" time="0.001">
    <failure type="java.lang.Error" message="Unresolved compilation problems: 
	LoginPage cannot be resolved to a type
	LoginPage cannot be resolved to a type
">
      <![CDATA[java.lang.Error: Unresolved compilation problems: 
LoginPage cannot be resolved to a type
LoginPage cannot be resolved to a type

at TestsSau.LoginTest.l1_loginFailed(LoginTest.java:15)
at java.base/java.util.ArrayList.forEach(ArrayList.java:1511)
... Removed 27 stack frames]]>
    </failure>
  </testcase> <!-- l1_loginFailed -->
</testsuite> <!-- Test -->
