<?xml version="1.0" encoding="UTF-8"?>
<testng-results skipped="0" failed="1" ignored="0" total="5" passed="4">
  <reporter-output>
  </reporter-output>
  <suite name="Suite" duration-ms="6652" started-at="2021-10-06T12:08:38 IDT" finished-at="2021-10-06T12:08:45 IDT">
    <groups>
    </groups>
    <test name="Test" duration-ms="6652" started-at="2021-10-06T12:08:38 IDT" finished-at="2021-10-06T12:08:45 IDT">
      <class name="TestsSau.TestBase">
        <test-method status="PASS" signature="test()[pri:0, instance:TestsSau.TestBase@61f8bee4]" name="test" is-config="true" duration-ms="2516" started-at="2021-10-06T12:08:38 IDT" finished-at="2021-10-06T12:08:40 IDT">
          <reporter-output>
          </reporter-output>
        </test-method> <!-- test -->
        <test-method status="FAIL" signature="LoginError()[pri:0, instance:TestsSau.TestBase@61f8bee4]" name="LoginError" duration-ms="671" started-at="2021-10-06T12:08:40 IDT" finished-at="2021-10-06T12:08:41 IDT">
          <exception class="org.openqa.selenium.NoSuchElementException">
            <message>
              <![CDATA[no such element: Unable to locate element: {"method":"css selector","selector":".left_componSSent"}
  (Session info: chrome=94.0.4606.61)
For documentation on this error, please visit: https://www.seleniumhq.org/exceptions/no_such_element.html
Build info: version: '3.141.59', revision: 'e82be7d358', time: '2018-11-14T08:17:03'
System info: host: 'LAPTOP-FA9HH6OV', ip: '10.0.0.30', os.name: 'Windows 10', os.arch: 'amd64', os.version: '10.0', java.version: '1.8.0_292'
Driver info: org.openqa.selenium.chrome.ChromeDriver
Capabilities {acceptInsecureCerts: false, browserName: chrome, browserVersion: 94.0.4606.61, chrome: {chromedriverVersion: 94.0.4606.61 (418b78f5838ed..., userDataDir: C:\Users\MeirS\AppData\Loca...}, goog:chromeOptions: {debuggerAddress: localhost:60474}, javascriptEnabled: true, networkConnectionEnabled: false, pageLoadStrategy: normal, platform: WINDOWS, platformName: WINDOWS, proxy: Proxy(), setWindowRect: true, strictFileInteractability: false, timeouts: {implicit: 0, pageLoad: 300000, script: 30000}, unhandledPromptBehavior: dismiss and notify, webauthn:extension:credBlob: true, webauthn:extension:largeBlob: true, webauthn:virtualAuthenticators: true}
Session ID: b2004058e2373a46ca96a6d3673f581c
*** Element info: {Using=css selector, value=.left_componSSent}]]>
            </message>
            <full-stacktrace>
              <![CDATA[org.openqa.selenium.NoSuchElementException: no such element: Unable to locate element: {"method":"css selector","selector":".left_componSSent"}
  (Session info: chrome=94.0.4606.61)
For documentation on this error, please visit: https://www.seleniumhq.org/exceptions/no_such_element.html
Build info: version: '3.141.59', revision: 'e82be7d358', time: '2018-11-14T08:17:03'
System info: host: 'LAPTOP-FA9HH6OV', ip: '10.0.0.30', os.name: 'Windows 10', os.arch: 'amd64', os.version: '10.0', java.version: '1.8.0_292'
Driver info: org.openqa.selenium.chrome.ChromeDriver
Capabilities {acceptInsecureCerts: false, browserName: chrome, browserVersion: 94.0.4606.61, chrome: {chromedriverVersion: 94.0.4606.61 (418b78f5838ed..., userDataDir: C:\Users\MeirS\AppData\Loca...}, goog:chromeOptions: {debuggerAddress: localhost:60474}, javascriptEnabled: true, networkConnectionEnabled: false, pageLoadStrategy: normal, platform: WINDOWS, platformName: WINDOWS, proxy: Proxy(), setWindowRect: true, strictFileInteractability: false, timeouts: {implicit: 0, pageLoad: 300000, script: 30000}, unhandledPromptBehavior: dismiss and notify, webauthn:extension:credBlob: true, webauthn:extension:largeBlob: true, webauthn:virtualAuthenticators: true}
Session ID: b2004058e2373a46ca96a6d3673f581c
*** Element info: {Using=css selector, value=.left_componSSent}
at sun.reflect.NativeConstructorAccessorImpl.newInstance0(Native Method)
at sun.reflect.NativeConstructorAccessorImpl.newInstance(NativeConstructorAccessorImpl.java:62)
at sun.reflect.DelegatingConstructorAccessorImpl.newInstance(DelegatingConstructorAccessorImpl.java:45)
at java.lang.reflect.Constructor.newInstance(Constructor.java:423)
at org.openqa.selenium.remote.http.W3CHttpResponseCodec.createException(W3CHttpResponseCodec.java:187)
at org.openqa.selenium.remote.http.W3CHttpResponseCodec.decode(W3CHttpResponseCodec.java:122)
at org.openqa.selenium.remote.http.W3CHttpResponseCodec.decode(W3CHttpResponseCodec.java:49)
at org.openqa.selenium.remote.HttpCommandExecutor.execute(HttpCommandExecutor.java:158)
at org.openqa.selenium.remote.service.DriverCommandExecutor.execute(DriverCommandExecutor.java:83)
at org.openqa.selenium.remote.RemoteWebDriver.execute(RemoteWebDriver.java:552)
at org.openqa.selenium.remote.RemoteWebDriver.findElement(RemoteWebDriver.java:323)
at org.openqa.selenium.remote.RemoteWebDriver.findElementByCssSelector(RemoteWebDriver.java:420)
at org.openqa.selenium.By$ByCssSelector.findElement(By.java:431)
at org.openqa.selenium.remote.RemoteWebDriver.findElement(RemoteWebDriver.java:315)
at org.openqa.selenium.support.pagefactory.DefaultElementLocator.findElement(DefaultElementLocator.java:69)
at org.openqa.selenium.support.pagefactory.internal.LocatingElementHandler.invoke(LocatingElementHandler.java:38)
at com.sun.proxy.$Proxy8.getText(Unknown Source)
at PageObjetSaucedemo.BasePage.getText(BasePage.java:25)
at PageObjetSaucedemo.ProductPage.back(ProductPage.java:24)
at TestsSau.TestBase.LoginError(TestBase.java:25)
at sun.reflect.NativeMethodAccessorImpl.invoke0(Native Method)
at sun.reflect.NativeMethodAccessorImpl.invoke(NativeMethodAccessorImpl.java:62)
at sun.reflect.DelegatingMethodAccessorImpl.invoke(DelegatingMethodAccessorImpl.java:43)
at java.lang.reflect.Method.invoke(Method.java:498)
at org.testng.internal.MethodInvocationHelper.invokeMethod(MethodInvocationHelper.java:132)
at org.testng.internal.TestInvoker.invokeMethod(TestInvoker.java:599)
at org.testng.internal.TestInvoker.invokeTestMethod(TestInvoker.java:174)
at org.testng.internal.MethodRunner.runInSequence(MethodRunner.java:46)
at org.testng.internal.TestInvoker$MethodInvocationAgent.invoke(TestInvoker.java:822)
at org.testng.internal.TestInvoker.invokeTestMethods(TestInvoker.java:147)
at org.testng.internal.TestMethodWorker.invokeTestMethods(TestMethodWorker.java:146)
at org.testng.internal.TestMethodWorker.run(TestMethodWorker.java:128)
at java.util.ArrayList.forEach(ArrayList.java:1259)
at org.testng.TestRunner.privateRun(TestRunner.java:764)
at org.testng.TestRunner.run(TestRunner.java:585)
at org.testng.SuiteRunner.runTest(SuiteRunner.java:384)
at org.testng.SuiteRunner.runSequentially(SuiteRunner.java:378)
at org.testng.SuiteRunner.privateRun(SuiteRunner.java:337)
at org.testng.SuiteRunner.run(SuiteRunner.java:286)
at org.testng.SuiteRunnerWorker.runSuite(SuiteRunnerWorker.java:53)
at org.testng.SuiteRunnerWorker.run(SuiteRunnerWorker.java:96)
at org.testng.TestNG.runSuitesSequentially(TestNG.java:1218)
at org.testng.TestNG.runSuitesLocally(TestNG.java:1140)
at org.testng.TestNG.runSuites(TestNG.java:1069)
at org.testng.TestNG.run(TestNG.java:1037)
at org.apache.maven.surefire.testng.TestNGExecutor.run(TestNGExecutor.java:284)
at org.apache.maven.surefire.testng.TestNGXmlTestSuite.execute(TestNGXmlTestSuite.java:75)
at org.apache.maven.surefire.testng.TestNGProvider.invoke(TestNGProvider.java:119)
at org.apache.maven.surefire.booter.ForkedBooter.runSuitesInProcess(ForkedBooter.java:428)
at org.apache.maven.surefire.booter.ForkedBooter.execute(ForkedBooter.java:162)
at org.apache.maven.surefire.booter.ForkedBooter.run(ForkedBooter.java:562)
at org.apache.maven.surefire.booter.ForkedBooter.main(ForkedBooter.java:548)
]]>
            </full-stacktrace>
          </exception> <!-- org.openqa.selenium.NoSuchElementException -->
          <reporter-output>
          </reporter-output>
        </test-method> <!-- LoginError -->
      </class> <!-- TestsSau.TestBase -->
      <class name="TestsSau.LoginTest">
        <test-method status="PASS" signature="test()[pri:0, instance:TestsSau.LoginTest@7b49cea0]" name="test" is-config="true" duration-ms="2114" started-at="2021-10-06T12:08:41 IDT" finished-at="2021-10-06T12:08:43 IDT">
          <reporter-output>
          </reporter-output>
        </test-method> <!-- test -->
        <test-method status="PASS" signature="l1_loginFailed(java.lang.String, java.lang.String)[pri:0, instance:TestsSau.LoginTest@7b49cea0]" name="l1_loginFailed" duration-ms="418" started-at="2021-10-06T12:08:43 IDT" description="use incorect login information" data-provider="getData" finished-at="2021-10-06T12:08:44 IDT">
          <params>
            <param index="0">
              <value>
                <![CDATA[user1]]>
              </value>
            </param>
            <param index="1">
              <value>
                <![CDATA[123]]>
              </value>
            </param>
          </params>
          <reporter-output>
          </reporter-output>
        </test-method> <!-- l1_loginFailed -->
        <test-method status="PASS" signature="l1_loginFailed(java.lang.String, java.lang.String)[pri:0, instance:TestsSau.LoginTest@7b49cea0]" name="l1_loginFailed" duration-ms="289" started-at="2021-10-06T12:08:44 IDT" description="use incorect login information" data-provider="getData" finished-at="2021-10-06T12:08:44 IDT">
          <params>
            <param index="0">
              <value>
                <![CDATA[gal]]>
              </value>
            </param>
            <param index="1">
              <value>
                <![CDATA[123]]>
              </value>
            </param>
          </params>
          <reporter-output>
          </reporter-output>
        </test-method> <!-- l1_loginFailed -->
        <test-method status="PASS" signature="l1_loginFailed(java.lang.String, java.lang.String)[pri:0, instance:TestsSau.LoginTest@7b49cea0]" name="l1_loginFailed" duration-ms="292" started-at="2021-10-06T12:08:44 IDT" description="use incorect login information" data-provider="getData" finished-at="2021-10-06T12:08:44 IDT">
          <params>
            <param index="0">
              <value>
                <![CDATA[yonit]]>
              </value>
            </param>
            <param index="1">
              <value>
                <![CDATA[1#444]]>
              </value>
            </param>
          </params>
          <reporter-output>
          </reporter-output>
        </test-method> <!-- l1_loginFailed -->
        <test-method status="PASS" signature="l1_loginFailed(java.lang.String, java.lang.String)[pri:0, instance:TestsSau.LoginTest@7b49cea0]" name="l1_loginFailed" duration-ms="303" started-at="2021-10-06T12:08:44 IDT" description="use incorect login information" data-provider="getData" finished-at="2021-10-06T12:08:45 IDT">
          <params>
            <param index="0">
              <value>
                <![CDATA[gal]]>
              </value>
            </param>
            <param index="1">
              <value>
                <![CDATA[123456878]]>
              </value>
            </param>
          </params>
          <reporter-output>
          </reporter-output>
        </test-method> <!-- l1_loginFailed -->
      </class> <!-- TestsSau.LoginTest -->
    </test> <!-- Test -->
  </suite> <!-- Suite -->
</testng-results>
